Drill report for /home/gvj/Kicad/zProjects/HiQSDR/RX_Filter_Board/Rx_Filter_Board.kicad_pcb
Created on Tue 11 Oct 2016 14:31:49 NZDT

Copper Layer Stackup:
    =============================================================
    L1 :  F.Cu                      front
    L2 :  B.Cu                      back


Drill file 'Rx_Filter_Board.drl' contains
    plated through holes:
    =============================================================
    T1  0.40mm  0.016"  (144 holes)
    T2  0.64mm  0.025"  (2 holes)
    T3  0.70mm  0.028"  (4 holes)
    T4  0.76mm  0.030"  (78 holes)
    T5  0.80mm  0.031"  (44 holes)
    T6  1.00mm  0.039"  (26 holes)
    T7  1.02mm  0.040"  (54 holes)
    T8  3.30mm  0.130"  (4 holes)

    Total plated holes count 356


Drill file 'Rx_Filter_Board-NPTH.drl' contains
    unplated through holes:
    =============================================================

    Total unplated holes count 0
